# JRE version: OpenJDK Runtime Environment (11.0.12+7) (build 11.0.12+7-b1504.28-7817840)
# Java VM: OpenJDK 64-Bit Server VM (11.0.12+7-b1504.28-7817840, mixed mode, tiered, compressed oops, g1 gc, windows-amd64)
Heap:
 garbage-first heap   total 198656K, used 51699K [0x0000000080000000, 0x0000000100000000)
  region size 1024K, 4 young (4096K), 4 survivors (4096K)
 Metaspace       used 45061K, capacity 46251K, committed 46592K, reserved 1089536K
  class space    used 5803K, capacity 6276K, committed 6400K, reserved 1048576K
GC Heap History (20 events):
Event: 17.371 GC heap after
{Heap after GC invocations=38 (full 0):
 garbage-first heap   total 113664K, used 50343K [0x0000000080000000, 0x0000000100000000)
  region size 1024K, 4 young (4096K), 4 survivors (4096K)
 Metaspace       used 45036K, capacity 46248K, committed 46592K, reserved 1089536K
  class space    used 5803K, capacity 6276K, committed 6400K, reserved 1048576K
}
Event: 17.642 GC heap before
{Heap before GC invocations=38 (full 0):
 garbage-first heap   total 113664K, used 90279K [0x0000000080000000, 0x0000000100000000)
  region size 1024K, 43 young (44032K), 4 survivors (4096K)
 Metaspace       used 45038K, capacity 46248K, committed 46592K, reserved 1089536K
  class space    used 5803K, capacity 6276K, committed 6400K, reserved 1048576K
}
Event: 17.648 GC heap after
{Heap after GC invocations=39 (full 0):
 garbage-first heap   total 113664K, used 50622K [0x0000000080000000, 0x0000000100000000)
  region size 1024K, 4 young (4096K), 4 survivors (4096K)
 Metaspace       used 45038K, capacity 46248K, committed 46592K, reserved 1089536K
  class space    used 5803K, capacity 6276K, committed 6400K, reserved 1048576K
}
Event: 17.961 GC heap before
{Heap before GC invocations=39 (full 0):
 garbage-first heap   total 113664K, used 93630K [0x0000000080000000, 0x0000000100000000)
  region size 1024K, 46 young (47104K), 4 survivors (4096K)
 Metaspace       used 45040K, capacity 46248K, committed 46592K, reserved 1089536K
  class space    used 5803K, capacity 6276K, committed 6400K, reserved 1048576K
}
Event: 17.968 GC heap after
{Heap after GC invocations=40 (full 0):
 garbage-first heap   total 137216K, used 51117K [0x0000000080000000, 0x0000000100000000)
  region size 1024K, 4 young (4096K), 4 survivors (4096K)
 Metaspace       used 45040K, capacity 46248K, committed 46592K, reserved 1089536K
  class space    used 5803K, capacity 6276K, committed 6400K, reserved 1048576K
}
Event: 18.237 GC heap before
{Heap before GC invocations=40 (full 0):
 garbage-first heap   total 137216K, used 102317K [0x0000000080000000, 0x0000000100000000)
  region size 1024K, 55 young (56320K), 4 survivors (4096K)
 Metaspace       used 45043K, capacity 46248K, committed 46592K, reserved 1089536K
  class space    used 5803K, capacity 6276K, committed 6400K, reserved 1048576K
}
Event: 18.241 GC heap after
{Heap after GC invocations=41 (full 0):
 garbage-first heap   total 137216K, used 51274K [0x0000000080000000, 0x0000000100000000)
  region size 1024K, 4 young (4096K), 4 survivors (4096K)
 Metaspace       used 45043K, capacity 46248K, committed 46592K, reserved 1089536K
  class space    used 5803K, capacity 6276K, committed 6400K, reserved 1048576K
}
Event: 18.540 GC heap before
{Heap before GC invocations=41 (full 0):
 garbage-first heap   total 137216K, used 109642K [0x0000000080000000, 0x0000000100000000)
  region size 1024K, 61 young (62464K), 4 survivors (4096K)
 Metaspace       used 45044K, capacity 46248K, committed 46592K, reserved 1089536K
  class space    used 5803K, capacity 6276K, committed 6400K, reserved 1048576K
}
Event: 18.546 GC heap after
{Heap after GC invocations=42 (full 0):
 garbage-first heap   total 137216K, used 51689K [0x0000000080000000, 0x0000000100000000)
  region size 1024K, 4 young (4096K), 4 survivors (4096K)
 Metaspace       used 45044K, capacity 46248K, committed 46592K, reserved 1089536K
  class space    used 5803K, capacity 6276K, committed 6400K, reserved 1048576K
}
Event: 18.830 GC heap before
{Heap before GC invocations=42 (full 0):
 garbage-first heap   total 137216K, used 111081K [0x0000000080000000, 0x0000000100000000)
  region size 1024K, 62 young (63488K), 4 survivors (4096K)
 Metaspace       used 45044K, capacity 46248K, committed 46592K, reserved 1089536K
  class space    used 5803K, capacity 6276K, committed 6400K, reserved 1048576K
}
Event: 18.837 GC heap after
{Heap after GC invocations=43 (full 0):
 garbage-first heap   total 137216K, used 52375K [0x0000000080000000, 0x0000000100000000)
  region size 1024K, 5 young (5120K), 5 survivors (5120K)
 Metaspace       used 45044K, capacity 46248K, committed 46592K, reserved 1089536K
  class space    used 5803K, capacity 6276K, committed 6400K, reserved 1048576K
}
Event: 19.303 GC heap before
{Heap before GC invocations=43 (full 0):
 garbage-first heap   total 137216K, used 111767K [0x0000000080000000, 0x0000000100000000)
  region size 1024K, 63 young (64512K), 5 survivors (5120K)
 Metaspace       used 45044K, capacity 46248K, committed 46592K, reserved 1089536K
  class space    used 5803K, capacity 6276K, committed 6400K, reserved 1048576K
}
Event: 19.311 GC heap after
{Heap after GC invocations=44 (full 0):
 garbage-first heap   total 164864K, used 52898K [0x0000000080000000, 0x0000000100000000)
  region size 1024K, 5 young (5120K), 5 survivors (5120K)
 Metaspace       used 45044K, capacity 46248K, committed 46592K, reserved 1089536K
  class space    used 5803K, capacity 6276K, committed 6400K, reserved 1048576K
}
Event: 19.669 GC heap before
{Heap before GC invocations=44 (full 0):
 garbage-first heap   total 164864K, used 120482K [0x0000000080000000, 0x0000000100000000)
  region size 1024K, 71 young (72704K), 5 survivors (5120K)
 Metaspace       used 45045K, capacity 46248K, committed 46592K, reserved 1089536K
  class space    used 5803K, capacity 6276K, committed 6400K, reserved 1048576K
}
Event: 19.676 GC heap after
{Heap after GC invocations=45 (full 0):
 garbage-first heap   total 164864K, used 53327K [0x0000000080000000, 0x0000000100000000)
  region size 1024K, 5 young (5120K), 5 survivors (5120K)
 Metaspace       used 45045K, capacity 46248K, committed 46592K, reserved 1089536K
  class space    used 5803K, capacity 6276K, committed 6400K, reserved 1048576K
}
Event: 20.346 GC heap before
{Heap before GC invocations=45 (full 0):
 garbage-first heap   total 164864K, used 127055K [0x0000000080000000, 0x0000000100000000)
  region size 1024K, 77 young (78848K), 5 survivors (5120K)
 Metaspace       used 45050K, capacity 46251K, committed 46592K, reserved 1089536K
  class space    used 5803K, capacity 6276K, committed 6400K, reserved 1048576K
}
Event: 20.354 GC heap after
{Heap after GC invocations=46 (full 0):
 garbage-first heap   total 164864K, used 53661K [0x0000000080000000, 0x0000000100000000)
  region size 1024K, 5 young (5120K), 5 survivors (5120K)
 Metaspace       used 45050K, capacity 46251K, committed 46592K, reserved 1089536K
  class space    used 5803K, capacity 6276K, committed 6400K, reserved 1048576K
}
Event: 20.877 GC heap before
{Heap before GC invocations=46 (full 0):
 garbage-first heap   total 164864K, used 130461K [0x0000000080000000, 0x0000000100000000)
  region size 1024K, 80 young (81920K), 5 survivors (5120K)
 Metaspace       used 45051K, capacity 46251K, committed 46592K, reserved 1089536K
  class space    used 5803K, capacity 6276K, committed 6400K, reserved 1048576K
}
Event: 20.884 GC heap after
{Heap after GC invocations=47 (full 0):
 garbage-first heap   total 164864K, used 54547K [0x0000000080000000, 0x0000000100000000)
  region size 1024K, 6 young (6144K), 6 survivors (6144K)
 Metaspace       used 45051K, capacity 46251K, committed 46592K, reserved 1089536K
  class space    used 5803K, capacity 6276K, committed 6400K, reserved 1048576K
}
Event: 21.608 GC heap before
{Heap before GC invocations=47 (full 0):
 garbage-first heap   total 164864K, used 133395K [0x0000000080000000, 0x0000000100000000)
  region size 1024K, 83 young (84992K), 6 survivors (6144K)
 Metaspace       used 45061K, capacity 46251K, committed 46592K, reserved 1089536K
  class space    used 5803K, capacity 6276K, committed 6400K, reserved 1048576K
}

