# JRE version: OpenJDK Runtime Environment (11.0.12+7) (build 11.0.12+7-b1504.28-7817840)
# Java VM: OpenJDK 64-Bit Server VM (11.0.12+7-b1504.28-7817840, mixed mode, tiered, compressed oops, g1 gc, windows-amd64)
Heap:
 garbage-first heap   total 142336K, used 64869K [0x0000000080000000, 0x0000000100000000)
  region size 1024K, 2 young (2048K), 2 survivors (2048K)
 Metaspace       used 62666K, capacity 64518K, committed 64560K, reserved 1105920K
  class space    used 8206K, capacity 8809K, committed 8832K, reserved 1048576K
GC Heap History (20 events):
Event: 23.951 GC heap after
{Heap after GC invocations=30 (full 0):
 garbage-first heap   total 77824K, used 50158K [0x0000000080000000, 0x0000000100000000)
  region size 1024K, 1 young (1024K), 1 survivors (1024K)
 Metaspace       used 46839K, capacity 48041K, committed 48176K, reserved 1091584K
  class space    used 5969K, capacity 6441K, committed 6528K, reserved 1048576K
}
Event: 24.109 GC heap before
{Heap before GC invocations=30 (full 0):
 garbage-first heap   total 77824K, used 60398K [0x0000000080000000, 0x0000000100000000)
  region size 1024K, 11 young (11264K), 1 survivors (1024K)
 Metaspace       used 47003K, capacity 48228K, committed 48432K, reserved 1091584K
  class space    used 5989K, capacity 6480K, committed 6528K, reserved 1048576K
}
Event: 24.116 GC heap after
{Heap after GC invocations=31 (full 0):
 garbage-first heap   total 77824K, used 50850K [0x0000000080000000, 0x0000000100000000)
  region size 1024K, 2 young (2048K), 2 survivors (2048K)
 Metaspace       used 47003K, capacity 48228K, committed 48432K, reserved 1091584K
  class space    used 5989K, capacity 6480K, committed 6528K, reserved 1048576K
}
Event: 24.304 GC heap before
{Heap before GC invocations=32 (full 0):
 garbage-first heap   total 77824K, used 61090K [0x0000000080000000, 0x0000000100000000)
  region size 1024K, 12 young (12288K), 2 survivors (2048K)
 Metaspace       used 47330K, capacity 48666K, committed 48688K, reserved 1091584K
  class space    used 6053K, capacity 6520K, committed 6528K, reserved 1048576K
}
Event: 24.311 GC heap after
{Heap after GC invocations=33 (full 0):
 garbage-first heap   total 94208K, used 51435K [0x0000000080000000, 0x0000000100000000)
  region size 1024K, 2 young (2048K), 2 survivors (2048K)
 Metaspace       used 47330K, capacity 48666K, committed 48688K, reserved 1091584K
  class space    used 6053K, capacity 6520K, committed 6528K, reserved 1048576K
}
Event: 24.673 GC heap before
{Heap before GC invocations=33 (full 0):
 garbage-first heap   total 94208K, used 67819K [0x0000000080000000, 0x0000000100000000)
  region size 1024K, 18 young (18432K), 2 survivors (2048K)
 Metaspace       used 48304K, capacity 49756K, committed 49968K, reserved 1093632K
  class space    used 6211K, capacity 6712K, committed 6784K, reserved 1048576K
}
Event: 24.680 GC heap after
{Heap after GC invocations=34 (full 0):
 garbage-first heap   total 94208K, used 52666K [0x0000000080000000, 0x0000000100000000)
  region size 1024K, 3 young (3072K), 3 survivors (3072K)
 Metaspace       used 48304K, capacity 49756K, committed 49968K, reserved 1093632K
  class space    used 6211K, capacity 6712K, committed 6784K, reserved 1048576K
}
Event: 24.856 GC heap before
{Heap before GC invocations=35 (full 0):
 garbage-first heap   total 94208K, used 56762K [0x0000000080000000, 0x0000000100000000)
  region size 1024K, 8 young (8192K), 3 survivors (3072K)
 Metaspace       used 48673K, capacity 50160K, committed 50224K, reserved 1093632K
  class space    used 6279K, capacity 6783K, committed 6784K, reserved 1048576K
}
Event: 24.864 GC heap after
{Heap after GC invocations=36 (full 0):
 garbage-first heap   total 94208K, used 52933K [0x0000000080000000, 0x0000000100000000)
  region size 1024K, 2 young (2048K), 2 survivors (2048K)
 Metaspace       used 48673K, capacity 50160K, committed 50224K, reserved 1093632K
  class space    used 6279K, capacity 6783K, committed 6784K, reserved 1048576K
}
Event: 25.303 GC heap before
{Heap before GC invocations=37 (full 0):
 garbage-first heap   total 94208K, used 73413K [0x0000000080000000, 0x0000000100000000)
  region size 1024K, 18 young (18432K), 2 survivors (2048K)
 Metaspace       used 49750K, capacity 51320K, committed 51504K, reserved 1093632K
  class space    used 6461K, capacity 6956K, committed 7040K, reserved 1048576K
}
Event: 25.310 GC heap after
{Heap after GC invocations=38 (full 0):
 garbage-first heap   total 94208K, used 58381K [0x0000000080000000, 0x0000000100000000)
  region size 1024K, 3 young (3072K), 3 survivors (3072K)
 Metaspace       used 49750K, capacity 51320K, committed 51504K, reserved 1093632K
  class space    used 6461K, capacity 6956K, committed 7040K, reserved 1048576K
}
Event: 25.840 GC heap before
{Heap before GC invocations=38 (full 0):
 garbage-first heap   total 94208K, used 72717K [0x0000000080000000, 0x0000000100000000)
  region size 1024K, 17 young (17408K), 3 survivors (3072K)
 Metaspace       used 51903K, capacity 53554K, committed 53680K, reserved 1095680K
  class space    used 6845K, capacity 7404K, committed 7424K, reserved 1048576K
}
Event: 25.852 GC heap after
{Heap after GC invocations=39 (full 0):
 garbage-first heap   total 113664K, used 59051K [0x0000000080000000, 0x0000000100000000)
  region size 1024K, 3 young (3072K), 3 survivors (3072K)
 Metaspace       used 51903K, capacity 53554K, committed 53680K, reserved 1095680K
  class space    used 6845K, capacity 7404K, committed 7424K, reserved 1048576K
}
Event: 26.362 GC heap before
{Heap before GC invocations=40 (full 0):
 garbage-first heap   total 113664K, used 81579K [0x0000000080000000, 0x0000000100000000)
  region size 1024K, 25 young (25600K), 3 survivors (3072K)
 Metaspace       used 53457K, capacity 55115K, committed 55216K, reserved 1097728K
  class space    used 7055K, capacity 7627K, committed 7680K, reserved 1048576K
}
Event: 26.370 GC heap after
{Heap after GC invocations=41 (full 0):
 garbage-first heap   total 113664K, used 59969K [0x0000000080000000, 0x0000000100000000)
  region size 1024K, 3 young (3072K), 3 survivors (3072K)
 Metaspace       used 53457K, capacity 55115K, committed 55216K, reserved 1097728K
  class space    used 7055K, capacity 7627K, committed 7680K, reserved 1048576K
}
Event: 27.184 GC heap before
{Heap before GC invocations=41 (full 0):
 garbage-first heap   total 113664K, used 82497K [0x0000000080000000, 0x0000000100000000)
  region size 1024K, 26 young (26624K), 3 survivors (3072K)
 Metaspace       used 55855K, capacity 57680K, committed 57776K, reserved 1099776K
  class space    used 7348K, capacity 7925K, committed 7936K, reserved 1048576K
}
Event: 27.195 GC heap after
{Heap after GC invocations=42 (full 0):
 garbage-first heap   total 113664K, used 61568K [0x0000000080000000, 0x0000000100000000)
  region size 1024K, 4 young (4096K), 4 survivors (4096K)
 Metaspace       used 55855K, capacity 57680K, committed 57776K, reserved 1099776K
  class space    used 7348K, capacity 7925K, committed 7936K, reserved 1048576K
}
Event: 28.178 GC heap before
{Heap before GC invocations=43 (full 0):
 garbage-first heap   total 113664K, used 84096K [0x0000000080000000, 0x0000000100000000)
  region size 1024K, 27 young (27648K), 4 survivors (4096K)
 Metaspace       used 59296K, capacity 61116K, committed 61360K, reserved 1101824K
  class space    used 7758K, capacity 8361K, committed 8448K, reserved 1048576K
}
Event: 28.192 GC heap after
{Heap after GC invocations=44 (full 0):
 garbage-first heap   total 113664K, used 63937K [0x0000000080000000, 0x0000000100000000)
  region size 1024K, 4 young (4096K), 4 survivors (4096K)
 Metaspace       used 59296K, capacity 61116K, committed 61360K, reserved 1101824K
  class space    used 7758K, capacity 8361K, committed 8448K, reserved 1048576K
}
Event: 31.251 GC heap before
{Heap before GC invocations=44 (full 0):
 garbage-first heap   total 113664K, used 86465K [0x0000000080000000, 0x0000000100000000)
  region size 1024K, 27 young (27648K), 4 survivors (4096K)
 Metaspace       used 62666K, capacity 64518K, committed 64560K, reserved 1105920K
  class space    used 8206K, capacity 8809K, committed 8832K, reserved 1048576K
}

