# JRE version: OpenJDK Runtime Environment (11.0.12+7) (build 11.0.12+7-b1504.28-7817840)
# Java VM: OpenJDK 64-Bit Server VM (11.0.12+7-b1504.28-7817840, mixed mode, tiered, compressed oops, g1 gc, windows-amd64)
Heap:
 garbage-first heap   total 203776K, used 89359K [0x0000000080000000, 0x0000000100000000)
  region size 1024K, 21 young (21504K), 3 survivors (3072K)
 Metaspace       used 63408K, capacity 65177K, committed 65200K, reserved 1105920K
  class space    used 7867K, capacity 8434K, committed 8448K, reserved 1048576K
GC Heap History (20 events):
Event: 142.296 GC heap before
{Heap before GC invocations=51 (full 0):
 garbage-first heap   total 203776K, used 172472K [0x0000000080000000, 0x0000000100000000)
  region size 1024K, 105 young (107520K), 8 survivors (8192K)
 Metaspace       used 63389K, capacity 65177K, committed 65200K, reserved 1105920K
  class space    used 7867K, capacity 8434K, committed 8448K, reserved 1048576K
}
Event: 142.312 GC heap after
{Heap after GC invocations=52 (full 0):
 garbage-first heap   total 203776K, used 74521K [0x0000000080000000, 0x0000000100000000)
  region size 1024K, 8 young (8192K), 8 survivors (8192K)
 Metaspace       used 63389K, capacity 65177K, committed 65200K, reserved 1105920K
  class space    used 7867K, capacity 8434K, committed 8448K, reserved 1048576K
}
Event: 143.086 GC heap before
{Heap before GC invocations=52 (full 0):
 garbage-first heap   total 203776K, used 174873K [0x0000000080000000, 0x0000000100000000)
  region size 1024K, 106 young (108544K), 8 survivors (8192K)
 Metaspace       used 63391K, capacity 65177K, committed 65200K, reserved 1105920K
  class space    used 7867K, capacity 8434K, committed 8448K, reserved 1048576K
}
Event: 143.106 GC heap after
{Heap after GC invocations=53 (full 0):
 garbage-first heap   total 203776K, used 75392K [0x0000000080000000, 0x0000000100000000)
  region size 1024K, 8 young (8192K), 8 survivors (8192K)
 Metaspace       used 63391K, capacity 65177K, committed 65200K, reserved 1105920K
  class space    used 7867K, capacity 8434K, committed 8448K, reserved 1048576K
}
Event: 145.290 GC heap before
{Heap before GC invocations=53 (full 0):
 garbage-first heap   total 203776K, used 175744K [0x0000000080000000, 0x0000000100000000)
  region size 1024K, 105 young (107520K), 8 survivors (8192K)
 Metaspace       used 63391K, capacity 65177K, committed 65200K, reserved 1105920K
  class space    used 7867K, capacity 8434K, committed 8448K, reserved 1048576K
}
Event: 145.303 GC heap after
{Heap after GC invocations=54 (full 0):
 garbage-first heap   total 203776K, used 77111K [0x0000000080000000, 0x0000000100000000)
  region size 1024K, 9 young (9216K), 9 survivors (9216K)
 Metaspace       used 63391K, capacity 65177K, committed 65200K, reserved 1105920K
  class space    used 7867K, capacity 8434K, committed 8448K, reserved 1048576K
}
Event: 147.145 GC heap before
{Heap before GC invocations=54 (full 0):
 garbage-first heap   total 203776K, used 173367K [0x0000000080000000, 0x0000000100000000)
  region size 1024K, 103 young (105472K), 9 survivors (9216K)
 Metaspace       used 63393K, capacity 65177K, committed 65200K, reserved 1105920K
  class space    used 7867K, capacity 8434K, committed 8448K, reserved 1048576K
}
Event: 147.225 GC heap after
{Heap after GC invocations=55 (full 0):
 garbage-first heap   total 203776K, used 77152K [0x0000000080000000, 0x0000000100000000)
  region size 1024K, 7 young (7168K), 7 survivors (7168K)
 Metaspace       used 63393K, capacity 65177K, committed 65200K, reserved 1105920K
  class space    used 7867K, capacity 8434K, committed 8448K, reserved 1048576K
}
Event: 148.288 GC heap before
{Heap before GC invocations=55 (full 0):
 garbage-first heap   total 203776K, used 175456K [0x0000000080000000, 0x0000000100000000)
  region size 1024K, 103 young (105472K), 7 survivors (7168K)
 Metaspace       used 63394K, capacity 65177K, committed 65200K, reserved 1105920K
  class space    used 7867K, capacity 8434K, committed 8448K, reserved 1048576K
}
Event: 148.304 GC heap after
{Heap after GC invocations=56 (full 0):
 garbage-first heap   total 203776K, used 78828K [0x0000000080000000, 0x0000000100000000)
  region size 1024K, 8 young (8192K), 8 survivors (8192K)
 Metaspace       used 63394K, capacity 65177K, committed 65200K, reserved 1105920K
  class space    used 7867K, capacity 8434K, committed 8448K, reserved 1048576K
}
Event: 150.025 GC heap before
{Heap before GC invocations=56 (full 0):
 garbage-first heap   total 203776K, used 179180K [0x0000000080000000, 0x0000000100000000)
  region size 1024K, 101 young (103424K), 8 survivors (8192K)
 Metaspace       used 63394K, capacity 65177K, committed 65200K, reserved 1105920K
  class space    used 7867K, capacity 8434K, committed 8448K, reserved 1048576K
}
Event: 150.056 GC heap after
{Heap after GC invocations=57 (full 0):
 garbage-first heap   total 203776K, used 85178K [0x0000000080000000, 0x0000000100000000)
  region size 1024K, 7 young (7168K), 7 survivors (7168K)
 Metaspace       used 63394K, capacity 65177K, committed 65200K, reserved 1105920K
  class space    used 7867K, capacity 8434K, committed 8448K, reserved 1048576K
}
Event: 151.338 GC heap before
{Heap before GC invocations=57 (full 0):
 garbage-first heap   total 203776K, used 174266K [0x0000000080000000, 0x0000000100000000)
  region size 1024K, 95 young (97280K), 7 survivors (7168K)
 Metaspace       used 63397K, capacity 65177K, committed 65200K, reserved 1105920K
  class space    used 7867K, capacity 8434K, committed 8448K, reserved 1048576K
}
Event: 151.345 GC heap after
{Heap after GC invocations=58 (full 0):
 garbage-first heap   total 203776K, used 75512K [0x0000000080000000, 0x0000000100000000)
  region size 1024K, 4 young (4096K), 4 survivors (4096K)
 Metaspace       used 63397K, capacity 65177K, committed 65200K, reserved 1105920K
  class space    used 7867K, capacity 8434K, committed 8448K, reserved 1048576K
}
Event: 152.235 GC heap before
{Heap before GC invocations=58 (full 0):
 garbage-first heap   total 203776K, used 175864K [0x0000000080000000, 0x0000000100000000)
  region size 1024K, 102 young (104448K), 4 survivors (4096K)
 Metaspace       used 63398K, capacity 65177K, committed 65200K, reserved 1105920K
  class space    used 7867K, capacity 8434K, committed 8448K, reserved 1048576K
}
Event: 152.242 GC heap after
{Heap after GC invocations=59 (full 0):
 garbage-first heap   total 203776K, used 75852K [0x0000000080000000, 0x0000000100000000)
  region size 1024K, 5 young (5120K), 5 survivors (5120K)
 Metaspace       used 63398K, capacity 65177K, committed 65200K, reserved 1105920K
  class space    used 7867K, capacity 8434K, committed 8448K, reserved 1048576K
}
Event: 153.354 GC heap before
{Heap before GC invocations=59 (full 0):
 garbage-first heap   total 203776K, used 175180K [0x0000000080000000, 0x0000000100000000)
  region size 1024K, 103 young (105472K), 5 survivors (5120K)
 Metaspace       used 63398K, capacity 65177K, committed 65200K, reserved 1105920K
  class space    used 7867K, capacity 8434K, committed 8448K, reserved 1048576K
}
Event: 153.378 GC heap after
{Heap after GC invocations=60 (full 0):
 garbage-first heap   total 203776K, used 71306K [0x0000000080000000, 0x0000000100000000)
  region size 1024K, 2 young (2048K), 2 survivors (2048K)
 Metaspace       used 63398K, capacity 65177K, committed 65200K, reserved 1105920K
  class space    used 7867K, capacity 8434K, committed 8448K, reserved 1048576K
}
Event: 156.639 GC heap before
{Heap before GC invocations=60 (full 0):
 garbage-first heap   total 203776K, used 173706K [0x0000000080000000, 0x0000000100000000)
  region size 1024K, 103 young (105472K), 2 survivors (2048K)
 Metaspace       used 63408K, capacity 65177K, committed 65200K, reserved 1105920K
  class space    used 7867K, capacity 8434K, committed 8448K, reserved 1048576K
}
Event: 156.643 GC heap after
{Heap after GC invocations=61 (full 0):
 garbage-first heap   total 203776K, used 71951K [0x0000000080000000, 0x0000000100000000)
  region size 1024K, 3 young (3072K), 3 survivors (3072K)
 Metaspace       used 63408K, capacity 65177K, committed 65200K, reserved 1105920K
  class space    used 7867K, capacity 8434K, committed 8448K, reserved 1048576K
}

