# JRE version: OpenJDK Runtime Environment (11.0.12+7) (build 11.0.12+7-b1504.28-7817840)
# Java VM: OpenJDK 64-Bit Server VM (11.0.12+7-b1504.28-7817840, mixed mode, tiered, compressed oops, g1 gc, windows-amd64)
Heap:
 garbage-first heap   total 198656K, used 69354K [0x0000000080000000, 0x0000000100000000)
  region size 1024K, 9 young (9216K), 9 survivors (9216K)
 Metaspace       used 55724K, capacity 57544K, committed 57648K, reserved 1099776K
  class space    used 7197K, capacity 7792K, committed 7808K, reserved 1048576K
GC Heap History (20 events):
Event: 43.120 GC heap after
{Heap after GC invocations=93 (full 0):
 garbage-first heap   total 137216K, used 54334K [0x0000000080000000, 0x0000000100000000)
  region size 1024K, 4 young (4096K), 4 survivors (4096K)
 Metaspace       used 45055K, capacity 46260K, committed 46512K, reserved 1089536K
  class space    used 5802K, capacity 6276K, committed 6400K, reserved 1048576K
}
Event: 43.486 GC heap before
{Heap before GC invocations=93 (full 0):
 garbage-first heap   total 137216K, used 109630K [0x0000000080000000, 0x0000000100000000)
  region size 1024K, 58 young (59392K), 4 survivors (4096K)
 Metaspace       used 45055K, capacity 46260K, committed 46512K, reserved 1089536K
  class space    used 5802K, capacity 6276K, committed 6400K, reserved 1048576K
}
Event: 43.491 GC heap after
{Heap after GC invocations=94 (full 0):
 garbage-first heap   total 137216K, used 54776K [0x0000000080000000, 0x0000000100000000)
  region size 1024K, 4 young (4096K), 4 survivors (4096K)
 Metaspace       used 45055K, capacity 46260K, committed 46512K, reserved 1089536K
  class space    used 5802K, capacity 6276K, committed 6400K, reserved 1048576K
}
Event: 43.742 GC heap before
{Heap before GC invocations=94 (full 0):
 garbage-first heap   total 137216K, used 111096K [0x0000000080000000, 0x0000000100000000)
  region size 1024K, 59 young (60416K), 4 survivors (4096K)
 Metaspace       used 45056K, capacity 46260K, committed 46512K, reserved 1089536K
  class space    used 5802K, capacity 6276K, committed 6400K, reserved 1048576K
}
Event: 43.749 GC heap after
{Heap after GC invocations=95 (full 0):
 garbage-first heap   total 164864K, used 55644K [0x0000000080000000, 0x0000000100000000)
  region size 1024K, 5 young (5120K), 5 survivors (5120K)
 Metaspace       used 45056K, capacity 46260K, committed 46512K, reserved 1089536K
  class space    used 5802K, capacity 6276K, committed 6400K, reserved 1048576K
}
Event: 46.541 GC heap before
{Heap before GC invocations=95 (full 0):
 garbage-first heap   total 164864K, used 120156K [0x0000000080000000, 0x0000000100000000)
  region size 1024K, 67 young (68608K), 5 survivors (5120K)
 Metaspace       used 45192K, capacity 46417K, committed 46768K, reserved 1089536K
  class space    used 5815K, capacity 6285K, committed 6400K, reserved 1048576K
}
Event: 46.546 GC heap after
{Heap after GC invocations=96 (full 0):
 garbage-first heap   total 164864K, used 51055K [0x0000000080000000, 0x0000000100000000)
  region size 1024K, 3 young (3072K), 3 survivors (3072K)
 Metaspace       used 45192K, capacity 46417K, committed 46768K, reserved 1089536K
  class space    used 5815K, capacity 6285K, committed 6400K, reserved 1048576K
}
Event: 47.122 GC heap before
{Heap before GC invocations=96 (full 0):
 garbage-first heap   total 164864K, used 137071K [0x0000000080000000, 0x0000000100000000)
  region size 1024K, 87 young (89088K), 3 survivors (3072K)
 Metaspace       used 45221K, capacity 46418K, committed 46768K, reserved 1089536K
  class space    used 5815K, capacity 6285K, committed 6400K, reserved 1048576K
}
Event: 47.124 GC heap after
{Heap after GC invocations=97 (full 0):
 garbage-first heap   total 164864K, used 49244K [0x0000000080000000, 0x0000000100000000)
  region size 1024K, 2 young (2048K), 2 survivors (2048K)
 Metaspace       used 45221K, capacity 46418K, committed 46768K, reserved 1089536K
  class space    used 5815K, capacity 6285K, committed 6400K, reserved 1048576K
}
Event: 47.426 GC heap before
{Heap before GC invocations=97 (full 0):
 garbage-first heap   total 164864K, used 143452K [0x0000000080000000, 0x0000000100000000)
  region size 1024K, 91 young (93184K), 2 survivors (2048K)
 Metaspace       used 45222K, capacity 46418K, committed 46768K, reserved 1089536K
  class space    used 5815K, capacity 6285K, committed 6400K, reserved 1048576K
}
Event: 47.429 GC heap after
{Heap after GC invocations=98 (full 0):
 garbage-first heap   total 164864K, used 53858K [0x0000000080000000, 0x0000000100000000)
  region size 1024K, 3 young (3072K), 3 survivors (3072K)
 Metaspace       used 45222K, capacity 46418K, committed 46768K, reserved 1089536K
  class space    used 5815K, capacity 6285K, committed 6400K, reserved 1048576K
}
Event: 47.711 GC heap before
{Heap before GC invocations=98 (full 0):
 garbage-first heap   total 164864K, used 140898K [0x0000000080000000, 0x0000000100000000)
  region size 1024K, 88 young (90112K), 3 survivors (3072K)
 Metaspace       used 45222K, capacity 46418K, committed 46768K, reserved 1089536K
  class space    used 5815K, capacity 6285K, committed 6400K, reserved 1048576K
}
Event: 47.716 GC heap after
{Heap after GC invocations=99 (full 0):
 garbage-first heap   total 164864K, used 54997K [0x0000000080000000, 0x0000000100000000)
  region size 1024K, 4 young (4096K), 4 survivors (4096K)
 Metaspace       used 45222K, capacity 46418K, committed 46768K, reserved 1089536K
  class space    used 5815K, capacity 6285K, committed 6400K, reserved 1048576K
}
Event: 47.961 GC heap before
{Heap before GC invocations=99 (full 0):
 garbage-first heap   total 164864K, used 141013K [0x0000000080000000, 0x0000000100000000)
  region size 1024K, 88 young (90112K), 4 survivors (4096K)
 Metaspace       used 45222K, capacity 46418K, committed 46768K, reserved 1089536K
  class space    used 5815K, capacity 6285K, committed 6400K, reserved 1048576K
}
Event: 47.968 GC heap after
{Heap after GC invocations=100 (full 0):
 garbage-first heap   total 164864K, used 56305K [0x0000000080000000, 0x0000000100000000)
  region size 1024K, 5 young (5120K), 5 survivors (5120K)
 Metaspace       used 45222K, capacity 46418K, committed 46768K, reserved 1089536K
  class space    used 5815K, capacity 6285K, committed 6400K, reserved 1048576K
}
Event: 49.071 GC heap before
{Heap before GC invocations=100 (full 0):
 garbage-first heap   total 164864K, used 145393K [0x0000000080000000, 0x0000000100000000)
  region size 1024K, 88 young (90112K), 5 survivors (5120K)
 Metaspace       used 48272K, capacity 49440K, committed 49712K, reserved 1091584K
  class space    used 6288K, capacity 6761K, committed 6784K, reserved 1048576K
}
Event: 49.083 GC heap after
{Heap after GC invocations=101 (full 0):
 garbage-first heap   total 164864K, used 56978K [0x0000000080000000, 0x0000000100000000)
  region size 1024K, 5 young (5120K), 5 survivors (5120K)
 Metaspace       used 48272K, capacity 49440K, committed 49712K, reserved 1091584K
  class space    used 6288K, capacity 6761K, committed 6784K, reserved 1048576K
}
Event: 50.578 GC heap before
{Heap before GC invocations=101 (full 0):
 garbage-first heap   total 164864K, used 138898K [0x0000000080000000, 0x0000000100000000)
  region size 1024K, 85 young (87040K), 5 survivors (5120K)
 Metaspace       used 51393K, capacity 52822K, committed 53040K, reserved 1095680K
  class space    used 6642K, capacity 7198K, committed 7296K, reserved 1048576K
}
Event: 50.592 GC heap after
{Heap after GC invocations=102 (full 0):
 garbage-first heap   total 164864K, used 59860K [0x0000000080000000, 0x0000000100000000)
  region size 1024K, 8 young (8192K), 8 survivors (8192K)
 Metaspace       used 51393K, capacity 52822K, committed 53040K, reserved 1095680K
  class space    used 6642K, capacity 7198K, committed 7296K, reserved 1048576K
}
Event: 52.316 GC heap before
{Heap before GC invocations=102 (full 0):
 garbage-first heap   total 164864K, used 141780K [0x0000000080000000, 0x0000000100000000)
  region size 1024K, 84 young (86016K), 8 survivors (8192K)
 Metaspace       used 55724K, capacity 57544K, committed 57648K, reserved 1099776K
  class space    used 7197K, capacity 7792K, committed 7808K, reserved 1048576K
}

