# JRE version: OpenJDK Runtime Environment (11.0.12+7) (build 11.0.12+7-b1504.28-7817840)
# Java VM: OpenJDK 64-Bit Server VM (11.0.12+7-b1504.28-7817840, mixed mode, tiered, compressed oops, g1 gc, windows-amd64)
Heap:
 garbage-first heap   total 243712K, used 136001K [0x0000000080000000, 0x0000000100000000)
  region size 1024K, 23 young (23552K), 2 survivors (2048K)
 Metaspace       used 108380K, capacity 111125K, committed 111432K, reserved 1148928K
  class space    used 13819K, capacity 14754K, committed 14848K, reserved 1048576K
GC Heap History (20 events):
Event: 68.066 GC heap before
{Heap before GC invocations=56 (full 0):
 garbage-first heap   total 243712K, used 195602K [0x0000000080000000, 0x0000000100000000)
  region size 1024K, 102 young (104448K), 10 survivors (10240K)
 Metaspace       used 95934K, capacity 98402K, committed 98504K, reserved 1134592K
  class space    used 12468K, capacity 13348K, committed 13440K, reserved 1048576K
}
Event: 68.209 GC heap after
{Heap after GC invocations=57 (full 0):
 garbage-first heap   total 243712K, used 106870K [0x0000000080000000, 0x0000000100000000)
  region size 1024K, 9 young (9216K), 9 survivors (9216K)
 Metaspace       used 95934K, capacity 98402K, committed 98504K, reserved 1134592K
  class space    used 12468K, capacity 13348K, committed 13440K, reserved 1048576K
}
Event: 452.538 GC heap before
{Heap before GC invocations=57 (full 0):
 garbage-first heap   total 243712K, used 196982K [0x0000000080000000, 0x0000000100000000)
  region size 1024K, 98 young (100352K), 9 survivors (9216K)
 Metaspace       used 97717K, capacity 100289K, committed 100424K, reserved 1136640K
  class space    used 12630K, capacity 13557K, committed 13568K, reserved 1048576K
}
Event: 452.838 GC heap after
{Heap after GC invocations=58 (full 0):
 garbage-first heap   total 243712K, used 115343K [0x0000000080000000, 0x0000000100000000)
  region size 1024K, 13 young (13312K), 13 survivors (13312K)
 Metaspace       used 97717K, capacity 100289K, committed 100424K, reserved 1136640K
  class space    used 12630K, capacity 13557K, committed 13568K, reserved 1048576K
}
Event: 457.826 GC heap before
{Heap before GC invocations=58 (full 0):
 garbage-first heap   total 243712K, used 200335K [0x0000000080000000, 0x0000000100000000)
  region size 1024K, 94 young (96256K), 13 survivors (13312K)
 Metaspace       used 99813K, capacity 102383K, committed 102728K, reserved 1138688K
  class space    used 12824K, capacity 13725K, committed 13824K, reserved 1048576K
}
Event: 458.088 GC heap after
{Heap after GC invocations=59 (full 0):
 garbage-first heap   total 243712K, used 142336K [0x0000000080000000, 0x0000000100000000)
  region size 1024K, 12 young (12288K), 12 survivors (12288K)
 Metaspace       used 99813K, capacity 102383K, committed 102728K, reserved 1138688K
  class space    used 12824K, capacity 13725K, committed 13824K, reserved 1048576K
}
Event: 458.508 GC heap before
{Heap before GC invocations=59 (full 0):
 garbage-first heap   total 243712K, used 150528K [0x0000000080000000, 0x0000000100000000)
  region size 1024K, 20 young (20480K), 12 survivors (12288K)
 Metaspace       used 99911K, capacity 102450K, committed 102728K, reserved 1138688K
  class space    used 12836K, capacity 13726K, committed 13824K, reserved 1048576K
}
Event: 458.589 GC heap after
{Heap after GC invocations=60 (full 0):
 garbage-first heap   total 243712K, used 145408K [0x0000000080000000, 0x0000000100000000)
  region size 1024K, 2 young (2048K), 2 survivors (2048K)
 Metaspace       used 99911K, capacity 102450K, committed 102728K, reserved 1138688K
  class space    used 12836K, capacity 13726K, committed 13824K, reserved 1048576K
}
Event: 465.381 GC heap before
{Heap before GC invocations=61 (full 0):
 garbage-first heap   total 243712K, used 206848K [0x0000000080000000, 0x0000000100000000)
  region size 1024K, 35 young (35840K), 2 survivors (2048K)
 Metaspace       used 102109K, capacity 104770K, committed 105032K, reserved 1140736K
  class space    used 13061K, capacity 13993K, committed 14080K, reserved 1048576K
}
Event: 465.445 GC heap after
{Heap after GC invocations=62 (full 0):
 garbage-first heap   total 243712K, used 147934K [0x0000000080000000, 0x0000000100000000)
  region size 1024K, 5 young (5120K), 5 survivors (5120K)
 Metaspace       used 102109K, capacity 104770K, committed 105032K, reserved 1140736K
  class space    used 13061K, capacity 13993K, committed 14080K, reserved 1048576K
}
Event: 466.024 GC heap before
{Heap before GC invocations=62 (full 0):
 garbage-first heap   total 243712K, used 153054K [0x0000000080000000, 0x0000000100000000)
  region size 1024K, 11 young (11264K), 5 survivors (5120K)
 Metaspace       used 102646K, capacity 105251K, committed 105544K, reserved 1140736K
  class space    used 13114K, capacity 14025K, committed 14080K, reserved 1048576K
}
Event: 466.075 GC heap after
{Heap after GC invocations=63 (full 0):
 garbage-first heap   total 243712K, used 142212K [0x0000000080000000, 0x0000000100000000)
  region size 1024K, 1 young (1024K), 1 survivors (1024K)
 Metaspace       used 102646K, capacity 105251K, committed 105544K, reserved 1140736K
  class space    used 13114K, capacity 14025K, committed 14080K, reserved 1048576K
}
Event: 466.773 GC heap before
{Heap before GC invocations=63 (full 0):
 garbage-first heap   total 243712K, used 151428K [0x0000000080000000, 0x0000000100000000)
  region size 1024K, 11 young (11264K), 1 survivors (1024K)
 Metaspace       used 103043K, capacity 105637K, committed 105928K, reserved 1140736K
  class space    used 13160K, capacity 14090K, committed 14208K, reserved 1048576K
}
Event: 466.790 GC heap after
{Heap after GC invocations=64 (full 0):
 garbage-first heap   total 243712K, used 143693K [0x0000000080000000, 0x0000000100000000)
  region size 1024K, 2 young (2048K), 2 survivors (2048K)
 Metaspace       used 103043K, capacity 105637K, committed 105928K, reserved 1140736K
  class space    used 13160K, capacity 14090K, committed 14208K, reserved 1048576K
}
Event: 468.726 GC heap before
{Heap before GC invocations=64 (full 0):
 garbage-first heap   total 243712K, used 180557K [0x0000000080000000, 0x0000000100000000)
  region size 1024K, 39 young (39936K), 2 survivors (2048K)
 Metaspace       used 103847K, capacity 106503K, committed 106696K, reserved 1142784K
  class space    used 13254K, capacity 14163K, committed 14208K, reserved 1048576K
}
Event: 468.758 GC heap after
{Heap after GC invocations=65 (full 0):
 garbage-first heap   total 243712K, used 147456K [0x0000000080000000, 0x0000000100000000)
  region size 1024K, 5 young (5120K), 5 survivors (5120K)
 Metaspace       used 103847K, capacity 106503K, committed 106696K, reserved 1142784K
  class space    used 13254K, capacity 14163K, committed 14208K, reserved 1048576K
}
Event: 471.926 GC heap before
{Heap before GC invocations=66 (full 0):
 garbage-first heap   total 243712K, used 169984K [0x0000000080000000, 0x0000000100000000)
  region size 1024K, 44 young (45056K), 5 survivors (5120K)
 Metaspace       used 106639K, capacity 109311K, committed 109384K, reserved 1144832K
  class space    used 13624K, capacity 14556K, committed 14592K, reserved 1048576K
}
Event: 472.017 GC heap after
{Heap after GC invocations=67 (full 0):
 garbage-first heap   total 243712K, used 132469K [0x0000000080000000, 0x0000000100000000)
  region size 1024K, 2 young (2048K), 2 survivors (2048K)
 Metaspace       used 106639K, capacity 109311K, committed 109384K, reserved 1144832K
  class space    used 13624K, capacity 14556K, committed 14592K, reserved 1048576K
}
Event: 472.184 GC heap before
{Heap before GC invocations=67 (full 0):
 garbage-first heap   total 243712K, used 140661K [0x0000000080000000, 0x0000000100000000)
  region size 1024K, 11 young (11264K), 2 survivors (2048K)
 Metaspace       used 107379K, capacity 110047K, committed 110280K, reserved 1144832K
  class space    used 13717K, capacity 14652K, committed 14720K, reserved 1048576K
}
Event: 472.235 GC heap after
{Heap after GC invocations=68 (full 0):
 garbage-first heap   total 243712K, used 116545K [0x0000000080000000, 0x0000000100000000)
  region size 1024K, 2 young (2048K), 2 survivors (2048K)
 Metaspace       used 107379K, capacity 110047K, committed 110280K, reserved 1144832K
  class space    used 13717K, capacity 14652K, committed 14720K, reserved 1048576K
}

