# JRE version: OpenJDK Runtime Environment (11.0.12+7) (build 11.0.12+7-b1504.28-7817840)
# Java VM: OpenJDK 64-Bit Server VM (11.0.12+7-b1504.28-7817840, mixed mode, tiered, compressed oops, g1 gc, windows-amd64)
Heap:
 garbage-first heap   total 208896K, used 74901K [0x0000000080000000, 0x0000000100000000)
  region size 1024K, 6 young (6144K), 6 survivors (6144K)
 Metaspace       used 51026K, capacity 52390K, committed 52480K, reserved 1095680K
  class space    used 6575K, capacity 7100K, committed 7168K, reserved 1048576K
GC Heap History (20 events):
Event: 51.700 GC heap after
{Heap after GC invocations=76 (full 0):
 garbage-first heap   total 174080K, used 66424K [0x0000000080000000, 0x0000000100000000)
  region size 1024K, 4 young (4096K), 4 survivors (4096K)
 Metaspace       used 50495K, capacity 51793K, committed 51840K, reserved 1093632K
  class space    used 6527K, capacity 7037K, committed 7040K, reserved 1048576K
}
Event: 51.929 GC heap before
{Heap before GC invocations=76 (full 0):
 garbage-first heap   total 174080K, used 147320K [0x0000000080000000, 0x0000000100000000)
  region size 1024K, 83 young (84992K), 4 survivors (4096K)
 Metaspace       used 50497K, capacity 51857K, committed 52096K, reserved 1093632K
  class space    used 6527K, capacity 7037K, committed 7040K, reserved 1048576K
}
Event: 51.934 GC heap after
{Heap after GC invocations=77 (full 0):
 garbage-first heap   total 174080K, used 67554K [0x0000000080000000, 0x0000000100000000)
  region size 1024K, 5 young (5120K), 5 survivors (5120K)
 Metaspace       used 50497K, capacity 51857K, committed 52096K, reserved 1093632K
  class space    used 6527K, capacity 7037K, committed 7040K, reserved 1048576K
}
Event: 52.520 GC heap before
{Heap before GC invocations=77 (full 0):
 garbage-first heap   total 174080K, used 148450K [0x0000000080000000, 0x0000000100000000)
  region size 1024K, 84 young (86016K), 5 survivors (5120K)
 Metaspace       used 50497K, capacity 51857K, committed 52096K, reserved 1093632K
  class space    used 6527K, capacity 7037K, committed 7040K, reserved 1048576K
}
Event: 52.530 GC heap after
{Heap after GC invocations=78 (full 0):
 garbage-first heap   total 174080K, used 69146K [0x0000000080000000, 0x0000000100000000)
  region size 1024K, 7 young (7168K), 7 survivors (7168K)
 Metaspace       used 50497K, capacity 51857K, committed 52096K, reserved 1093632K
  class space    used 6527K, capacity 7037K, committed 7040K, reserved 1048576K
}
Event: 53.432 GC heap before
{Heap before GC invocations=78 (full 0):
 garbage-first heap   total 174080K, used 153114K [0x0000000080000000, 0x0000000100000000)
  region size 1024K, 85 young (87040K), 7 survivors (7168K)
 Metaspace       used 50664K, capacity 51968K, committed 52224K, reserved 1093632K
  class space    used 6539K, capacity 7048K, committed 7168K, reserved 1048576K
}
Event: 53.439 GC heap after
{Heap after GC invocations=79 (full 0):
 garbage-first heap   total 174080K, used 65744K [0x0000000080000000, 0x0000000100000000)
  region size 1024K, 3 young (3072K), 3 survivors (3072K)
 Metaspace       used 50664K, capacity 51968K, committed 52224K, reserved 1093632K
  class space    used 6539K, capacity 7048K, committed 7168K, reserved 1048576K
}
Event: 54.210 GC heap before
{Heap before GC invocations=79 (full 0):
 garbage-first heap   total 174080K, used 147664K [0x0000000080000000, 0x0000000100000000)
  region size 1024K, 83 young (84992K), 3 survivors (3072K)
 Metaspace       used 50993K, capacity 52326K, committed 52480K, reserved 1095680K
  class space    used 6573K, capacity 7100K, committed 7168K, reserved 1048576K
}
Event: 54.222 GC heap after
{Heap after GC invocations=80 (full 0):
 garbage-first heap   total 174080K, used 66980K [0x0000000080000000, 0x0000000100000000)
  region size 1024K, 4 young (4096K), 4 survivors (4096K)
 Metaspace       used 50993K, capacity 52326K, committed 52480K, reserved 1095680K
  class space    used 6573K, capacity 7100K, committed 7168K, reserved 1048576K
}
Event: 54.695 GC heap before
{Heap before GC invocations=80 (full 0):
 garbage-first heap   total 174080K, used 154020K [0x0000000080000000, 0x0000000100000000)
  region size 1024K, 84 young (86016K), 4 survivors (4096K)
 Metaspace       used 51012K, capacity 52390K, committed 52480K, reserved 1095680K
  class space    used 6575K, capacity 7100K, committed 7168K, reserved 1048576K
}
Event: 54.704 GC heap after
{Heap after GC invocations=81 (full 0):
 garbage-first heap   total 174080K, used 72216K [0x0000000080000000, 0x0000000100000000)
  region size 1024K, 5 young (5120K), 5 survivors (5120K)
 Metaspace       used 51012K, capacity 52390K, committed 52480K, reserved 1095680K
  class space    used 6575K, capacity 7100K, committed 7168K, reserved 1048576K
}
Event: 55.042 GC heap before
{Heap before GC invocations=81 (full 0):
 garbage-first heap   total 174080K, used 153112K [0x0000000080000000, 0x0000000100000000)
  region size 1024K, 82 young (83968K), 5 survivors (5120K)
 Metaspace       used 51023K, capacity 52390K, committed 52480K, reserved 1095680K
  class space    used 6575K, capacity 7100K, committed 7168K, reserved 1048576K
}
Event: 55.049 GC heap after
{Heap after GC invocations=82 (full 0):
 garbage-first heap   total 174080K, used 72561K [0x0000000080000000, 0x0000000100000000)
  region size 1024K, 6 young (6144K), 6 survivors (6144K)
 Metaspace       used 51023K, capacity 52390K, committed 52480K, reserved 1095680K
  class space    used 6575K, capacity 7100K, committed 7168K, reserved 1048576K
}
Event: 55.441 GC heap before
{Heap before GC invocations=82 (full 0):
 garbage-first heap   total 174080K, used 149361K [0x0000000080000000, 0x0000000100000000)
  region size 1024K, 81 young (82944K), 6 survivors (6144K)
 Metaspace       used 51023K, capacity 52390K, committed 52480K, reserved 1095680K
  class space    used 6575K, capacity 7100K, committed 7168K, reserved 1048576K
}
Event: 55.452 GC heap after
{Heap after GC invocations=83 (full 0):
 garbage-first heap   total 174080K, used 72931K [0x0000000080000000, 0x0000000100000000)
  region size 1024K, 6 young (6144K), 6 survivors (6144K)
 Metaspace       used 51023K, capacity 52390K, committed 52480K, reserved 1095680K
  class space    used 6575K, capacity 7100K, committed 7168K, reserved 1048576K
}
Event: 56.203 GC heap before
{Heap before GC invocations=83 (full 0):
 garbage-first heap   total 174080K, used 149731K [0x0000000080000000, 0x0000000100000000)
  region size 1024K, 81 young (82944K), 6 survivors (6144K)
 Metaspace       used 51023K, capacity 52390K, committed 52480K, reserved 1095680K
  class space    used 6575K, capacity 7100K, committed 7168K, reserved 1048576K
}
Event: 56.214 GC heap after
{Heap after GC invocations=84 (full 0):
 garbage-first heap   total 174080K, used 73452K [0x0000000080000000, 0x0000000100000000)
  region size 1024K, 7 young (7168K), 7 survivors (7168K)
 Metaspace       used 51023K, capacity 52390K, committed 52480K, reserved 1095680K
  class space    used 6575K, capacity 7100K, committed 7168K, reserved 1048576K
}
Event: 56.956 GC heap before
{Heap before GC invocations=84 (full 0):
 garbage-first heap   total 174080K, used 148204K [0x0000000080000000, 0x0000000100000000)
  region size 1024K, 80 young (81920K), 7 survivors (7168K)
 Metaspace       used 51024K, capacity 52390K, committed 52480K, reserved 1095680K
  class space    used 6575K, capacity 7100K, committed 7168K, reserved 1048576K
}
Event: 56.969 GC heap after
{Heap after GC invocations=85 (full 0):
 garbage-first heap   total 174080K, used 73800K [0x0000000080000000, 0x0000000100000000)
  region size 1024K, 6 young (6144K), 6 survivors (6144K)
 Metaspace       used 51024K, capacity 52390K, committed 52480K, reserved 1095680K
  class space    used 6575K, capacity 7100K, committed 7168K, reserved 1048576K
}
Event: 57.533 GC heap before
{Heap before GC invocations=85 (full 0):
 garbage-first heap   total 174080K, used 149576K [0x0000000080000000, 0x0000000100000000)
  region size 1024K, 80 young (81920K), 6 survivors (6144K)
 Metaspace       used 51026K, capacity 52390K, committed 52480K, reserved 1095680K
  class space    used 6575K, capacity 7100K, committed 7168K, reserved 1048576K
}

